<?xml version="1.0" encoding="UTF-8"?>
<beans xmlns="http://www.springframework.org/schema/beans" xmlns:xsi="http://www.w3.org/2001/XMLSchema-instance"
    xsi:schemaLocation="http://www.springframework.org/schema/beans http://www.springframework.org/schema/beans/spring-beans.xsd">

    <!-- Root Context: defines shared resources visible to all other web components -->
    <import resource="classpath:spring/junit-context-datasource.xml" />
    <import resource="classpath:spring/context-validator.xml" />
    <import resource="classpath:spring/context-common-messages.xml" />
    <import resource="classpath:spring/context-alpha-messages.xml" />
    <import resource="classpath:spring/context-bravo-messages.xml" />
    <import resource="classpath:spring/context-charlie-messages.xml" />
    <import resource="classpath:spring/context-restclient.xml" />

</beans>
