<?xml version="1.0" encoding="UTF-8"?>

<beans xmlns="http://www.springframework.org/schema/beans" xmlns:xsi="http://www.w3.org/2001/XMLSchema-instance" xmlns:aop="http://www.springframework.org/schema/aop"
    xmlns:tx="http://www.springframework.org/schema/tx"
    xsi:schemaLocation="http://www.springframework.org/schema/beans http://www.springframework.org/schema/beans/spring-beans-3.1.xsd
        http://www.springframework.org/schema/aop http://www.springframework.org/schema/aop/spring-aop-3.1.xsd
        http://www.springframework.org/schema/tx http://www.springframework.org/schema/tx/spring-tx-3.1.xsd">

    <bean id="dataSourceMaster" class="org.apache.commons.dbcp.BasicDataSource" destroy-method="close">
        <property name="driverClassName" value="${junit.db.driver}" />
        <property name="url" value="${junit.db.url}?characterEncoding=utf8" />
        <property name="username" value="${junit.db.username}" />
        <property name="password" value="${junit.db.password}" />
        <property name="defaultAutoCommit" value="true" />
        <property name="poolPreparedStatements" value="true" />
        <property name="maxActive" value="5" />
        <property name="initialSize" value="1" />
        <property name="maxIdle" value="2" />
        <property name="minIdle" value="2" />
        <property name="testOnBorrow" value="false" />
        <property name="validationQuery" value="select 1" />
        <property name="timeBetweenEvictionRunsMillis" value="10000" />
        <property name="testWhileIdle" value="true" />
        <property name="numTestsPerEvictionRun" value="3" />
        <property name="minEvictableIdleTimeMillis" value="-1" />
    </bean>

    <!-- bean id="dataSourceMaster" class="org.springframework.jndi.JndiObjectFactoryBean"> <property name="jndiName" value="java:jboss/datasources/MysqlMasterDS" /> </bean -->

    <!-- myBATIS Master -->
    <bean id="sqlSessionFactoryMaster" class="org.mybatis.spring.SqlSessionFactoryBean">
        <property name="dataSource" ref="dataSourceMaster" />
        <property name="configLocation" value="classpath:com/wemakeprice/commons/lib/mybatis/config-mapper.xml" />
        <property name="mapperLocations" value="classpath*:com/wemakeprice/**/sql/*.xml" />
    </bean>

    <bean id="sqlSessionMaster" class="org.mybatis.spring.SqlSessionTemplate">
        <constructor-arg index="0" ref="sqlSessionFactoryMaster" />
    </bean>

    <bean id="dataSourceSlave" class="org.apache.commons.dbcp.BasicDataSource" destroy-method="close">
        <property name="driverClassName" value="${junit.db.driver}" />
        <property name="url" value="${junit.db.url}" />
        <property name="username" value="${junit.db.username}" />
        <property name="password" value="${junit.db.password}" />
        <property name="defaultAutoCommit" value="true" />
        <property name="poolPreparedStatements" value="true" />
        <property name="maxActive" value="5" />
        <property name="initialSize" value="1" />
        <property name="maxIdle" value="2" />
        <property name="minIdle" value="2" />
        <property name="testOnBorrow" value="false" />
        <property name="validationQuery" value="select 1" />
        <property name="timeBetweenEvictionRunsMillis" value="10000" />
        <property name="testWhileIdle" value="true" />
        <property name="numTestsPerEvictionRun" value="3" />
        <property name="minEvictableIdleTimeMillis" value="-1" />
    </bean>

    <!-- myBATIS Master -->
    <bean id="sqlSessionFactorySlave" class="org.mybatis.spring.SqlSessionFactoryBean">
        <property name="dataSource" ref="dataSourceSlave" />
        <property name="configLocation" value="classpath:com/wemakeprice/commons/lib/mybatis/config-mapper.xml" />
        <property name="mapperLocations" value="classpath*:com/wemakeprice/**/sql/*.xml" />
    </bean>

    <!-- <bean id="dataSourceSlave" class="org.springframework.jndi.JndiObjectFactoryBean"> <property name="jndiName" value="java:jboss/datasources/MysqlSlaveDS" /> </bean> -->

    <bean id="dataSourceSMS" class="org.apache.commons.dbcp.BasicDataSource" destroy-method="close">
        <property name="driverClassName" value="${junit.db.driver}" />
        <property name="url" value="${junit.db.url}" />
        <property name="username" value="${junit.db.username}" />
        <property name="password" value="${junit.db.password}" />
        <property name="defaultAutoCommit" value="true" />
        <property name="poolPreparedStatements" value="true" />
        <property name="maxActive" value="5" />
        <property name="initialSize" value="1" />
        <property name="maxIdle" value="2" />
        <property name="minIdle" value="2" />
        <property name="testOnBorrow" value="false" />
        <property name="validationQuery" value="select 1" />
        <property name="timeBetweenEvictionRunsMillis" value="10000" />
        <property name="testWhileIdle" value="true" />
        <property name="numTestsPerEvictionRun" value="3" />
        <property name="minEvictableIdleTimeMillis" value="-1" />
    </bean>

    <!-- myBATIS SMS -->
    <bean id="sqlSessionFactorySMS" class="org.mybatis.spring.SqlSessionFactoryBean">
        <property name="dataSource" ref="dataSourceSMS" />
        <property name="configLocation" value="classpath:com/wemakeprice/commons/lib/mybatis/config-mapper.xml" />
        <property name="mapperLocations" value="classpath*:com/wemakeprice/**/sql/*.xml" />
    </bean>

    <bean id="sqlSessionSMS" class="org.mybatis.spring.SqlSessionTemplate">
        <constructor-arg index="0" ref="sqlSessionFactorySMS" />
    </bean>

    <bean id="sqlSessionSlave" class="org.mybatis.spring.SqlSessionTemplate">
        <constructor-arg index="0" ref="sqlSessionFactorySlave" />
    </bean>

    <bean id="userSqlSessionMaster" name="userSqlSessionMaster" class="com.wemakeprice.commons.lib.mybatis.UserSqlSessionMaster">
        <constructor-arg index="0" ref="sqlSessionMaster" />
    </bean>

    <bean id="userSqlSessionMasterSelect" name="userSqlSessionMasterSelect" class="com.wemakeprice.commons.lib.mybatis.UserSqlSessionMasterSelect">
        <constructor-arg index="0" ref="sqlSessionMaster" />
    </bean>

    <bean id="userSqlSessionSlave" name="userSqlSessionSlave" class="com.wemakeprice.commons.lib.mybatis.UserSqlSessionSlave">
        <constructor-arg index="0" ref="sqlSessionSlave" />
    </bean>

    <bean id="userSqlSessionSMS" name="userSqlSessionSMS" class="com.wemakeprice.commons.lib.mybatis.UserSqlSessionSMS">
        <constructor-arg index="0" ref="sqlSessionSMS" />
    </bean>

    <!-- db용도별 접속을 위한 factory -->
    <bean id="userSqlSessionFactory" name="userSqlSessionFactory" class="com.wemakeprice.commons.lib.mybatis.UserSqlSessionFactory">
        <constructor-arg index="0" ref="userSqlSessionMaster" />
        <constructor-arg index="1" ref="userSqlSessionSlave" />
        <constructor-arg index="2" ref="userSqlSessionMasterSelect" />
        <constructor-arg index="3" ref="userSqlSessionSMS" />
    </bean>

    <bean id="transactionManager" class="org.springframework.jdbc.datasource.DataSourceTransactionManager">
        <property name="dataSource" ref="dataSourceMaster" />
    </bean>


    <bean id="dbUnitDatabaseConnection" class="com.github.springtestdbunit.bean.DatabaseDataSourceConnectionFactoryBean">
        <constructor-arg index="0" ref="dataSourceMaster" />
        <!-- <property name="databaseConfig" ref="dbUnitDatabaseConfig"/> -->
    </bean>
    <bean id="jdbcTemplate" class="org.springframework.jdbc.core.JdbcTemplate">
        <property name="dataSource" ref="dataSourceMaster" />
    </bean>

</beans>
